2025-04-04 02:16:26.806837 - Received CBT.V508.FILE029.PDS from FILE029.XMI 
2025-04-04 02:16:26.807794 - Found $$$#DATE.txt (text/plain) in CBT.V508.FILE029.PDS, moved to PDS/$$$#DATE
2025-04-04 02:16:26.807934 - Found $ICKDSF.txt (text/plain) in CBT.V508.FILE029.PDS, moved to PDS/$ICKDSF
2025-04-04 02:16:26.808063 - Found $RECEIVE.jcl (text/plain) in CBT.V508.FILE029.PDS, moved to PDS/$RECEIVE
2025-04-04 02:16:26.808221 - Found @FILE029.txt (text/plain) in CBT.V508.FILE029.PDS, moved to PDS/@FILE029
2025-04-04 02:16:26.808336 - Found DISKMAP.jcl (text/plain) in CBT.V508.FILE029.PDS, moved to PDS/DISKMAP
2025-04-04 02:16:26.808449 - Found IEHLIST.jcl (text/plain) in CBT.V508.FILE029.PDS, moved to PDS/IEHLIST
2025-04-04 02:16:26.808567 - Found IXVTOC.jcl (text/plain) in CBT.V508.FILE029.PDS, moved to PDS/IXVTOC
2025-04-04 02:16:26.808765 - Found LOADLIB.xmi (application/xmit) in CBT.V508.FILE029.PDS, moved to PDS/LOADLIB.xmi
2025-04-04 02:16:26.819642 - Received SBGOLOB.FILE029.LOADLIB from LOADLIB.xmi 
2025-04-04 02:16:26.820050 - Found AUCMD.bin (application/octet-stream) in SBGOLOB.FILE029.LOADLIB, moved to LOADLIB/AUCMD
2025-04-04 02:16:26.820188 - Found DISKMAP.bin (application/octet-stream) in SBGOLOB.FILE029.LOADLIB, moved to LOADLIB/DISKMAP
2025-04-04 02:16:26.820320 - Found ZAP.bin (application/octet-stream) in SBGOLOB.FILE029.LOADLIB, moved to LOADLIB/ZAP
2025-04-04 02:16:26.820376 - Found alias ZAP$ to ZAP in SBGOLOB.FILE029.LOADLIB, moved to PDS/ZAP$
2025-04-04 02:16:26.820783 - Found NARRATIV.txt (text/plain) in CBT.V508.FILE029.PDS, moved to PDS/NARRATIV
2025-04-04 02:16:26.820911 - Found OSVTOC.jcl (text/plain) in CBT.V508.FILE029.PDS, moved to PDS/OSVTOC
2025-04-04 02:16:26.821031 - Found VTEXALLC.jcl (text/plain) in CBT.V508.FILE029.PDS, moved to PDS/VTEXALLC
2025-04-04 02:16:26.821162 - Found VTOCDES$.jcl (text/plain) in CBT.V508.FILE029.PDS, moved to PDS/VTOCDES$
2025-04-04 02:16:26.821274 - Found VTOCDESC.txt (text/plain) in CBT.V508.FILE029.PDS, moved to PDS/VTOCDESC
2025-04-04 02:16:26.821399 - Found ZAPINSTR.txt (text/plain) in CBT.V508.FILE029.PDS, moved to PDS/ZAPINSTR
